<?xml version="1.0" encoding="utf-8"?><testsuites name="pytest tests"><testsuite name="pytest" errors="0" failures="0" skipped="0" tests="18" time="9.855" timestamp="2026-07-01T02:45:59.489806+00:00" hostname="agent-env-8d45bb9e-65f8-4d87-9ced-5d208a8ce6aa"><testcase classname="backend.tests.test_aura_backend" name="test_root" time="0.239" /><testcase classname="backend.tests.test_aura_backend" name="test_quote" time="0.071" /><testcase classname="backend.tests.test_aura_backend" name="test_tips" time="0.170" /><testcase classname="backend.tests.test_aura_backend" name="test_helplines" time="0.069" /><testcase classname="backend.tests.test_aura_backend" name="test_pump_providers" time="0.070" /><testcase classname="backend.tests.test_aura_backend" name="test_profile_upsert_and_get" time="0.209" /><testcase classname="backend.tests.test_aura_backend" name="test_mood_add_list_today" time="0.209" /><testcase classname="backend.tests.test_aura_backend" name="test_epds_questions" time="0.029" /><testcase classname="backend.tests.test_aura_backend" name="test_epds_submit_low" time="0.072" /><testcase classname="backend.tests.test_aura_backend" name="test_epds_submit_possible" time="0.069" /><testcase classname="backend.tests.test_aura_backend" name="test_epds_submit_likely_and_selfharm" time="0.069" /><testcase classname="backend.tests.test_aura_backend" name="test_epds_validation_error" time="0.070" /><testcase classname="backend.tests.test_aura_backend" name="test_epds_history" time="0.070" /><testcase classname="backend.tests.test_aura_backend" name="test_chat_send_and_history" time="7.973" /><testcase classname="backend.tests.test_aura_backend" name="test_community_seed_feed" time="0.028" /><testcase classname="backend.tests.test_aura_backend" name="test_community_create_post" time="0.097" /><testcase classname="backend.tests.test_aura_backend" name="test_community_like" time="0.099" /><testcase classname="backend.tests.test_aura_backend" name="test_community_comments" time="0.147" /></testsuite></testsuites>