<?xml version="1.0" encoding="utf-8"?><testsuites name="pytest tests"><testsuite name="pytest" errors="0" failures="0" skipped="0" tests="15" time="2.546" timestamp="2026-07-04T17:34:51.685666+00:00" hostname="agent-env-8d45bb9e-65f8-4d87-9ced-5d208a8ce6aa"><testcase classname="backend.tests.test_beacon_backend" name="test_beacon_meta" time="0.252" /><testcase classname="backend.tests.test_beacon_backend" name="test_beacon_settings_partial_update" time="0.262" /><testcase classname="backend.tests.test_beacon_backend" name="test_delete_ethnicity" time="0.179" /><testcase classname="backend.tests.test_beacon_backend" name="test_presence_toggle_jitters_and_hides_raw" time="0.139" /><testcase classname="backend.tests.test_beacon_backend" name="test_presence_active_has_mock_peers" time="0.112" /><testcase classname="backend.tests.test_beacon_backend" name="test_match_similar_returns_matched_on_preference" time="0.191" /><testcase classname="backend.tests.test_beacon_backend" name="test_match_tag_revealed_when_both_display" time="0.139" /><testcase classname="backend.tests.test_beacon_backend" name="test_match_none_returns_fallback" time="0.135" /><testcase classname="backend.tests.test_beacon_backend" name="test_match_analytics_increments" time="0.205" /><testcase classname="backend.tests.test_beacon_backend" name="test_peerchat_send_gets_peer_reply" time="0.160" /><testcase classname="backend.tests.test_beacon_backend" name="test_baby_log_add_and_list" time="0.174" /><testcase classname="backend.tests.test_beacon_backend" name="test_spaces_join_leave" time="0.240" /><testcase classname="backend.tests.test_beacon_backend" name="test_community_space_filter" time="0.157" /><testcase classname="backend.tests.test_beacon_backend" name="test_guides_featured_variant" time="0.033" /><testcase classname="backend.tests.test_beacon_backend" name="test_guides_no_culture" time="0.036" /></testsuite></testsuites>